#
# There is insufficient memory for the Java Runtime Environment to continue.
# Native memory allocation (malloc) failed to allocate 1048576 bytes for AllocateHeap
# Possible reasons:
#   The system is out of physical RAM or swap space
#   In 32 bit mode, the process size limit was hit
# Possible solutions:
#   Reduce memory load on the system
#   Increase physical memory or swap space
#   Check if swap backing store is full
#   Use 64 bit Java on a 64 bit OS
#   Decrease Java heap size (-Xmx/-Xms)
#   Decrease number of Java threads
#   Decrease Java thread stack sizes (-Xss)
#   Set larger code cache with -XX:ReservedCodeCacheSize=
# This output file may be truncated or incomplete.
#
#  Out of Memory Error (memory/allocation.inline.hpp:61), pid=22388, tid=0x00000000000044a0
#
# JRE version:  (8.0) (build )
# Java VM: OpenJDK 64-Bit Server VM (25.71-b00 mixed mode windows-amd64 compressed oops)
# Failed to write core dump. Minidumps are not enabled by default on client versions of Windows
#

---------------  T H R E A D  ---------------

Current thread (0x0000000002ba2800):  JavaThread "Unknown thread" [_thread_in_vm, id=17568, stack(0x00000000029f0000,0x0000000002af0000)]

Stack: [0x00000000029f0000,0x0000000002af0000]
[error occurred during error reporting (printing stack bounds), id 0xc0000005]

Native frames: (J=compiled Java code, j=interpreted, Vv=VM code, C=native code)


---------------  P R O C E S S  ---------------

Java Threads: ( => current thread )

Other Threads:

=>0x0000000002ba2800 (exited) JavaThread "Unknown thread" [_thread_in_vm, id=17568, stack(0x00000000029f0000,0x0000000002af0000)]

VM state:not at safepoint (normal execution)

VM Mutex/Monitor currently owned by a thread: None

Heap:
 PSYoungGen      total 57344K, used 983K [0x0000000780980000, 0x0000000784980000, 0x00000007c0000000)
  eden space 49152K, 2% used [0x0000000780980000,0x0000000780a75c38,0x0000000783980000)
  from space 8192K, 0% used [0x0000000784180000,0x0000000784180000,0x0000000784980000)
  to   space 8192K, 0% used [0x0000000783980000,0x0000000783980000,0x0000000784180000)
 ParOldGen       total 131072K, used 0K [0x0000000701c00000, 0x0000000709c00000, 0x0000000780980000)
  object space 131072K, 0% used [0x0000000701c00000,0x0000000701c00000,0x0000000709c00000)
 Metaspace       used 777K, capacity 4480K, committed 4480K, reserved 1056768K
  class space    used 74K, capacity 384K, committed 384K, reserved 1048576K

Card table byte_map: [0x0000000012120000,0x0000000012720000] byte_map_base: 0x000000000e912000

Marking Bits: (ParMarkBitMap*) 0x000000006555be50
 Begin Bits: [0x0000000013320000, 0x00000000162b0000)
 End Bits:   [0x00000000162b0000, 0x0000000019240000)

Polling page: 0x00000000009f0000

CodeCache: size=245760Kb used=328Kb max_used=328Kb free=245431Kb
 bounds [0x0000000002d60000, 0x0000000002fd0000, 0x0000000011d60000]
 total_blobs=57 nmethods=0 adapters=38
 compilation: enabled

Compilation events (0 events):
No events

GC Heap History (0 events):
No events

Deoptimization events (0 events):
No events

Classes redefined (0 events):
No events

Internal exceptions (0 events):
No events

Events (10 events):
Event: 0.014 loading class java/lang/Short
Event: 0.014 loading class java/lang/Short done
Event: 0.014 loading class java/lang/Integer
Event: 0.014 loading class java/lang/Integer done
Event: 0.014 loading class java/lang/Long
Event: 0.014 loading class java/lang/Long done
Event: 0.014 loading class java/lang/NullPointerException
Event: 0.014 loading class java/lang/NullPointerException done
Event: 0.014 loading class java/lang/ArithmeticException
Event: 0.015 loading class java/lang/ArithmeticException done


Dynamic libraries:
0x00007ff613310000 - 0x00007ff613345000 	C:\Program Files\Unity\Hub\Editor\2018.4.16f1\Editor\Data\PlaybackEngines\AndroidPlayer\Tools\OpenJDK\Windows\bin\java.exe
0x00007ffcb9bc0000 - 0x00007ffcb9db0000 	C:\WINDOWS\SYSTEM32\ntdll.dll
0x00007ffcb83b0000 - 0x00007ffcb8462000 	C:\WINDOWS\System32\KERNEL32.DLL
0x00007ffcb79c0000 - 0x00007ffcb7c63000 	C:\WINDOWS\System32\KERNELBASE.dll
0x00007ffcb98d0000 - 0x00007ffcb9973000 	C:\WINDOWS\System32\ADVAPI32.dll
0x00007ffcb90e0000 - 0x00007ffcb917e000 	C:\WINDOWS\System32\msvcrt.dll
0x00007ffcb7d50000 - 0x00007ffcb7de7000 	C:\WINDOWS\System32\sechost.dll
0x00007ffcb9a30000 - 0x00007ffcb9b50000 	C:\WINDOWS\System32\RPCRT4.dll
0x00007ffcb8210000 - 0x00007ffcb83a4000 	C:\WINDOWS\System32\USER32.dll
0x00007ffcb6c70000 - 0x00007ffcb6c91000 	C:\WINDOWS\System32\win32u.dll
0x00007ffcb9990000 - 0x00007ffcb99b6000 	C:\WINDOWS\System32\GDI32.dll
0x00007ffcb6d20000 - 0x00007ffcb6eb4000 	C:\WINDOWS\System32\gdi32full.dll
0x00007ffcb6ec0000 - 0x00007ffcb6f5e000 	C:\WINDOWS\System32\msvcp_win.dll
0x00007ffcb7710000 - 0x00007ffcb780a000 	C:\WINDOWS\System32\ucrtbase.dll
0x00007ffcb0ea0000 - 0x00007ffcb1125000 	C:\WINDOWS\WinSxS\amd64_microsoft.windows.common-controls_6595b64144ccf1df_6.0.18362.720_none_e6beb5c51314836b\COMCTL32.dll
0x00007ffcb7df0000 - 0x00007ffcb8126000 	C:\WINDOWS\System32\combase.dll
0x00007ffcb6ca0000 - 0x00007ffcb6d20000 	C:\WINDOWS\System32\bcryptPrimitives.dll
0x00007ffcb9b50000 - 0x00007ffcb9b7e000 	C:\WINDOWS\System32\IMM32.DLL
0x00000000658a0000 - 0x0000000065972000 	C:\Program Files\Unity\Hub\Editor\2018.4.16f1\Editor\Data\PlaybackEngines\AndroidPlayer\Tools\OpenJDK\Windows\jre\bin\msvcr100.dll
0x0000000064d90000 - 0x00000000655d9000 	C:\Program Files\Unity\Hub\Editor\2018.4.16f1\Editor\Data\PlaybackEngines\AndroidPlayer\Tools\OpenJDK\Windows\jre\bin\server\jvm.dll
0x00007ffcb8d50000 - 0x00007ffcb8d58000 	C:\WINDOWS\System32\PSAPI.DLL
0x00007ffc98da0000 - 0x00007ffc98da9000 	C:\WINDOWS\SYSTEM32\WSOCK32.dll
0x00007ffcb27f0000 - 0x00007ffcb27fa000 	C:\WINDOWS\SYSTEM32\VERSION.dll
0x00007ffcb43c0000 - 0x00007ffcb43e4000 	C:\WINDOWS\SYSTEM32\WINMM.dll
0x00007ffcb99c0000 - 0x00007ffcb9a2f000 	C:\WINDOWS\System32\WS2_32.dll
0x00007ffcb3cd0000 - 0x00007ffcb3cfd000 	C:\WINDOWS\SYSTEM32\WINMMBASE.dll
0x00007ffcb6c20000 - 0x00007ffcb6c6a000 	C:\WINDOWS\System32\cfgmgr32.dll
0x00007ffcb2280000 - 0x00007ffcb228f000 	C:\Program Files\Unity\Hub\Editor\2018.4.16f1\Editor\Data\PlaybackEngines\AndroidPlayer\Tools\OpenJDK\Windows\jre\bin\verify.dll
0x00007ffc8c210000 - 0x00007ffc8c239000 	C:\Program Files\Unity\Hub\Editor\2018.4.16f1\Editor\Data\PlaybackEngines\AndroidPlayer\Tools\OpenJDK\Windows\jre\bin\java.dll
0x00007ffc8c470000 - 0x00007ffc8c486000 	C:\Program Files\Unity\Hub\Editor\2018.4.16f1\Editor\Data\PlaybackEngines\AndroidPlayer\Tools\OpenJDK\Windows\jre\bin\zip.dll

VM Arguments:
jvm_args: -Dcom.android.sdkmanager.toolsdir=C:\AndroidSDK\tools\bin\\.. 
java_command: com.android.sdklib.tool.AvdManagerCli list target -c
java_class_path (initial): C:\AndroidSDK\tools\bin\..\lib\dvlib-26.0.0-dev.jar;C:\AndroidSDK\tools\bin\..\lib\jimfs-1.1.jar;C:\AndroidSDK\tools\bin\..\lib\jsr305-1.3.9.jar;C:\AndroidSDK\tools\bin\..\lib\repository-26.0.0-dev.jar;C:\AndroidSDK\tools\bin\..\lib\j2objc-annotations-1.1.jar;C:\AndroidSDK\tools\bin\..\lib\layoutlib-api-26.0.0-dev.jar;C:\AndroidSDK\tools\bin\..\lib\gson-2.3.jar;C:\AndroidSDK\tools\bin\..\lib\httpcore-4.2.5.jar;C:\AndroidSDK\tools\bin\..\lib\commons-logging-1.1.1.jar;C:\AndroidSDK\tools\bin\..\lib\commons-compress-1.12.jar;C:\AndroidSDK\tools\bin\..\lib\annotations-26.0.0-dev.jar;C:\AndroidSDK\tools\bin\..\lib\error_prone_annotations-2.0.18.jar;C:\AndroidSDK\tools\bin\..\lib\animal-sniffer-annotations-1.14.jar;C:\AndroidSDK\tools\bin\..\lib\httpclient-4.2.6.jar;C:\AndroidSDK\tools\bin\..\lib\commons-codec-1.6.jar;C:\AndroidSDK\tools\bin\..\lib\common-26.0.0-dev.jar;C:\AndroidSDK\tools\bin\..\lib\kxml2-2.3.0.jar;C:\AndroidSDK\tools\bin\..\lib\httpmime-4.1.jar;C:\AndroidSDK\tools\bin\..\lib\annotations-12.0.jar;C:\AndroidSDK\tools\bin\..\lib\sdklib-26.0.0-dev.jar;C:\AndroidSDK\tools\bin\..\lib\guava-22.0.jar
Launcher Type: SUN_STANDARD

Environment Variables:
JAVA_HOME=C:\Program Files\Unity\Hub\Editor\2018.4.16f1\Editor\Data\PlaybackEngines\AndroidPlayer/Tools\OpenJDK\Windows
CLASSPATH=C:\AndroidSDK\tools\bin\..\lib\dvlib-26.0.0-dev.jar;C:\AndroidSDK\tools\bin\..\lib\jimfs-1.1.jar;C:\AndroidSDK\tools\bin\..\lib\jsr305-1.3.9.jar;C:\AndroidSDK\tools\bin\..\lib\repository-26.0.0-dev.jar;C:\AndroidSDK\tools\bin\..\lib\j2objc-annotations-1.1.jar;C:\AndroidSDK\tools\bin\..\lib\layoutlib-api-26.0.0-dev.jar;C:\AndroidSDK\tools\bin\..\lib\gson-2.3.jar;C:\AndroidSDK\tools\bin\..\lib\httpcore-4.2.5.jar;C:\AndroidSDK\tools\bin\..\lib\commons-logging-1.1.1.jar;C:\AndroidSDK\tools\bin\..\lib\commons-compress-1.12.jar;C:\AndroidSDK\tools\bin\..\lib\annotations-26.0.0-dev.jar;C:\AndroidSDK\tools\bin\..\lib\error_prone_annotations-2.0.18.jar;C:\AndroidSDK\tools\bin\..\lib\animal-sniffer-annotations-1.14.jar;C:\AndroidSDK\tools\bin\..\lib\httpclient-4.2.6.jar;C:\AndroidSDK\tools\bin\..\lib\commons-codec-1.6.jar;C:\AndroidSDK\tools\bin\..\lib\common-26.0.0-dev.jar;C:\AndroidSDK\tools\bin\..\lib\kxml2-2.3.0.jar;C:\AndroidSDK\tools\bin\..\lib\httpmime-4.1.jar;C:\AndroidSDK\tools\bin\..\lib\annotations-12.0.jar;C:\AndroidSDK\tools\bin\..\lib\sdklib-26.0.0-dev.jar;C:\AndroidSDK\tools\bin\..\lib\guava-22.0.jar
PATH=C:\ProgramData\Oracle\Java\javapath;C:\WINDOWS\system32;C:\WINDOWS;C:\WINDOWS\System32\Wbem;C:\WINDOWS\System32\WindowsPowerShell\v1.0\;C:\Program Files (x86)\ATI.ACE\Core-Static;C:\Program Files (x86)\AMD\ATI.ACE\Core-Static;C:\Program Files\Java\jdk1.6.0\bin;C:\Program Files\Java\jdk1.7.0_17\bin;C:\Users\Gonçalo\Documents\sqlplus\;C:\Program Files (x86)\ATI Technologies\ATI.ACE\Core-Static;C:\WINDOWS\System32\OpenSSH\;C:\Program Files (x86)\NVIDIA Corporation\PhysX\Common;C:\Program Files\NVIDIA Corporation\NVIDIA NvDLISR;C:\WINDOWS\system32;C:\WINDOWS;C:\WINDOWS\System32\Wbem;C:\WINDOWS\System32\WindowsPowerShell\v1.0\;C:\WINDOWS\System32\OpenSSH\;C:\Users\Gonçalo\AppData\Local\Microsoft\WindowsApps;C:\Users\Gonçalo\AppData\Local\GitHubDesktop\bin;%USERPROFILE%\AppData\Local\Microsoft\WindowsApps;C:\Users\Gonçalo\AppData\Local\Programs\MiKTeX 2.9\miktex\bin\x64\;
USERNAME=Gonçalo
OS=Windows_NT
PROCESSOR_IDENTIFIER=Intel64 Family 6 Model 60 Stepping 3, GenuineIntel



---------------  S Y S T E M  ---------------

OS: Windows 10.0 , 64 bit Build 18362 (10.0.18362.329)

CPU:total 8 (initial active 8) (4 cores per cpu, 2 threads per core) family 6 model 60 stepping 3, cmov, cx8, fxsr, mmx, sse, sse2, sse3, ssse3, sse4.1, sse4.2, popcnt, avx, avx2, aes, clmul, erms, lzcnt, ht, tsc, tscinvbit, bmi1, bmi2

Memory: 4k page, physical 12464544k(2877776k free), swap 14939552k(5584k free)

vm_info: OpenJDK 64-Bit Server VM (25.71-b00) for windows-amd64 JRE (1.8.0-adoptopenjdk-_2018_05_19_00_59-b00), built on May 19 2018 01:02:12 by "jenkins" with MS VC++ 10.0 (VS2010)

time: Fri Apr 03 17:42:03 2020
elapsed time: 0 seconds (0d 0h 0m 0s)

